<?xml version="1.0" encoding="UTF-8"?>
<!-- Generated by org.testng.reporters.JUnitXMLReporter -->
<testsuite ignored="0" hostname="LTIN233583" failures="0" tests="11" name="ChromeTest" time="198.81" errors="0" timestamp="2024-02-07T10:12:31 IST">
  <testcase classname="testCase.TC_001_NewBikes_UpcomingBikes" name="navigateNewBikes" time="35.332"/>
  <testcase classname="testCase.TC_001_NewBikes_UpcomingBikes" name="verify_UpcomingBikes_section" time="0.087"/>
  <testcase classname="testCase.TC_002_UpcomingBikeManufacturers" name="selectManufacturers" time="6.258"/>
  <testcase classname="testCase.TC_002_UpcomingBikeManufacturers" name="getNewLaunchBikesDetails" time="38.784"/>
  <testcase classname="testCase.TC_002_UpcomingBikeManufacturers" name="navigateToHomePage" time="12.98"/>
  <testcase classname="testCase.TC_003_UsedCarsLocationSpecificTest" name="navFromUsedCarsToLocation" time="21.686"/>
  <testcase classname="testCase.TC_003_UsedCarsLocationSpecificTest" name="clickAllPopularCarModels" time="18.647"/>
  <testcase classname="testCase.TC_003_UsedCarsLocationSpecificTest" name="fetchAllPopularModels" time="2.024"/>
  <testcase classname="testCase.TC_003_UsedCarsLocationSpecificTest" name="navigateBackToHome" time="1.614"/>
  <testcase classname="testCase.TC_004_VerifyInvalidUser" name="clickOnLogin" time="5.15"/>
  <testcase classname="testCase.TC_004_VerifyInvalidUser" name="fetchErrorMessage" time="2.282"/>
</testsuite> <!-- ChromeTest -->
