<?xml version="1.0" encoding="UTF-8"?>
<!-- Generated by org.testng.reporters.JUnitXMLReporter -->
<testsuite ignored="0" hostname="LTIN233583" failures="0" tests="11" name="EdgeTest" time="0.094" errors="0" timestamp="2024-01-31T10:50:59 IST">
  <testcase classname="testCase.TC_001_NewBikes_UpcomingBikes" name="navigateNewBikes" time="0.001">
    <skipped/>
  </testcase> <!-- navigateNewBikes -->
  <testcase classname="testCase.TC_001_NewBikes_UpcomingBikes" name="verify_UpcomingBikes_section" time="0.0">
    <skipped/>
  </testcase> <!-- verify_UpcomingBikes_section -->
  <testcase classname="testCase.TC_002_UpcomingBikeManufacturers" name="selectManufacturers" time="0.0">
    <skipped/>
  </testcase> <!-- selectManufacturers -->
  <testcase classname="testCase.TC_002_UpcomingBikeManufacturers" name="getNewLaunchBikesDetails" time="0.001">
    <skipped/>
  </testcase> <!-- getNewLaunchBikesDetails -->
  <testcase classname="testCase.TC_002_UpcomingBikeManufacturers" name="navigateToHomePage" time="0.001">
    <skipped/>
  </testcase> <!-- navigateToHomePage -->
  <testcase classname="testCase.TC_003_UsedCarsLocationSpecificTest" name="navFromUsedCarsToLocation" time="0.0">
    <skipped/>
  </testcase> <!-- navFromUsedCarsToLocation -->
  <testcase classname="testCase.TC_003_UsedCarsLocationSpecificTest" name="clickAllPopularCarModels" time="0.0">
    <skipped/>
  </testcase> <!-- clickAllPopularCarModels -->
  <testcase classname="testCase.TC_003_UsedCarsLocationSpecificTest" name="fetchAllPopularModels" time="0.0">
    <skipped/>
  </testcase> <!-- fetchAllPopularModels -->
  <testcase classname="testCase.TC_003_UsedCarsLocationSpecificTest" name="navigateBackToHome" time="0.0">
    <skipped/>
  </testcase> <!-- navigateBackToHome -->
  <testcase classname="testCase.TC_004_VerifyInvalidUser" name="clickOnLogin" time="0.001">
    <skipped/>
  </testcase> <!-- clickOnLogin -->
  <testcase classname="testCase.TC_004_VerifyInvalidUser" name="fetchErrorMessage" time="0.0">
    <skipped/>
  </testcase> <!-- fetchErrorMessage -->
</testsuite> <!-- EdgeTest -->
