<?xml version="1.0" encoding="UTF-8"?>
<!-- Generated by org.testng.reporters.JUnitXMLReporter -->
<testsuite ignored="6" hostname="LTIN233583" failures="0" tests="5" name="GroupTest" time="46.233" errors="0" timestamp="2024-01-31T13:09:58 IST">
  <testcase classname="testCase.TC_001_NewBikes_UpcomingBikes" name="navigateNewBikes" time="5.213"/>
  <testcase classname="testCase.TC_003_UsedCarsLocationSpecificTest" name="navFromUsedCarsToLocation" time="12.962"/>
  <testcase classname="testCase.TC_003_UsedCarsLocationSpecificTest" name="navigateBackToHome" time="2.088"/>
  <testcase classname="testCase.TC_004_VerifyInvalidUser" name="clickOnLogin" time="7.211"/>
  <testcase classname="testCase.TC_004_VerifyInvalidUser" name="fetchErrorMessage" time="2.558"/>
  <testcase classname="testCase.TC_001_NewBikes_UpcomingBikes" name="verify_UpcomingBikes_section" time="0.0">
    <ignored/>
  </testcase> <!-- verify_UpcomingBikes_section -->
  <testcase classname="testCase.TC_002_UpcomingBikeManufacturers" name="getNewLaunchBikesDetails" time="0.0">
    <ignored/>
  </testcase> <!-- getNewLaunchBikesDetails -->
  <testcase classname="testCase.TC_002_UpcomingBikeManufacturers" name="navigateToHomePage" time="0.0">
    <ignored/>
  </testcase> <!-- navigateToHomePage -->
  <testcase classname="testCase.TC_003_UsedCarsLocationSpecificTest" name="clickAllPopularCarModels" time="0.0">
    <ignored/>
  </testcase> <!-- clickAllPopularCarModels -->
  <testcase classname="testCase.TC_003_UsedCarsLocationSpecificTest" name="fetchAllPopularModels" time="0.0">
    <ignored/>
  </testcase> <!-- fetchAllPopularModels -->
  <testcase classname="testCase.TC_002_UpcomingBikeManufacturers" name="selectManufacturers" time="0.0">
    <ignored/>
  </testcase> <!-- selectManufacturers -->
</testsuite> <!-- GroupTest -->
