<?xml version="1.0" encoding="UTF-8"?>
<!-- Generated by org.testng.reporters.JUnitXMLReporter -->
<testsuite ignored="0" hostname="LTIN233583" failures="0" tests="11" name="Test" time="96.56" errors="0" timestamp="2024-01-29T17:36:49 IST">
  <testcase classname="testCase.TC_001_NewBikes_UpcomingBikes" name="navigateNewBikes" time="13.665"/>
  <testcase classname="testCase.TC_001_NewBikes_UpcomingBikes" name="verify_UpcomingBikes_section" time="0.129"/>
  <testcase classname="testCase.TC_002_UpcomingBikeManufacturers" name="selectManufacturers" time="5.004"/>
  <testcase classname="testCase.TC_002_UpcomingBikeManufacturers" name="getNewLaunchBikesDetails" time="9.654"/>
  <testcase classname="testCase.TC_002_UpcomingBikeManufacturers" name="navigateToHomePage" time="3.949"/>
  <testcase classname="testCase.TC_003_UsedCarsLocationSpecificTest" name="navFromUsedCarsToLocation" time="9.73"/>
  <testcase classname="testCase.TC_003_UsedCarsLocationSpecificTest" name="clickAllPopularCarModels" time="18.733"/>
  <testcase classname="testCase.TC_003_UsedCarsLocationSpecificTest" name="fetchAllPopularModels" time="1.656"/>
  <testcase classname="testCase.TC_003_UsedCarsLocationSpecificTest" name="navigateBackToHome" time="3.678"/>
  <testcase classname="testCase.TC_004_VerifyInvalidUser" name="clickOnLogin" time="3.197"/>
  <testcase classname="testCase.TC_004_VerifyInvalidUser" name="fetchErrorMessage" time="12.348"/>
</testsuite> <!-- Test -->
