<?xml version="1.0" encoding="UTF-8"?>
<testng-results ignored="0" total="11" passed="11" failed="0" skipped="0">
  <reporter-output>
  </reporter-output>
  <suite started-at="2024-02-02T10:08:01 IST" name="Suite" finished-at="2024-02-02T10:10:30 IST" duration-ms="148955">
    <groups>
      <group name="Master">
        <method signature="TC_001_NewBikes_UpcomingBikes.navigateNewBikes()[pri:1, instance:testCase.TC_004_VerifyInvalidUser@4b29d1d2]" name="navigateNewBikes" class="testCase.TC_001_NewBikes_UpcomingBikes"/>
        <method signature="TC_001_NewBikes_UpcomingBikes.verify_UpcomingBikes_section()[pri:2, instance:testCase.TC_004_VerifyInvalidUser@4b29d1d2]" name="verify_UpcomingBikes_section" class="testCase.TC_001_NewBikes_UpcomingBikes"/>
        <method signature="TC_002_UpcomingBikeManufacturers.selectManufacturers()[pri:3, instance:testCase.TC_004_VerifyInvalidUser@4b29d1d2]" name="selectManufacturers" class="testCase.TC_002_UpcomingBikeManufacturers"/>
        <method signature="TC_002_UpcomingBikeManufacturers.getNewLaunchBikesDetails()[pri:4, instance:testCase.TC_004_VerifyInvalidUser@4b29d1d2]" name="getNewLaunchBikesDetails" class="testCase.TC_002_UpcomingBikeManufacturers"/>
        <method signature="TC_002_UpcomingBikeManufacturers.navigateToHomePage()[pri:5, instance:testCase.TC_004_VerifyInvalidUser@4b29d1d2]" name="navigateToHomePage" class="testCase.TC_002_UpcomingBikeManufacturers"/>
        <method signature="TC_003_UsedCarsLocationSpecificTest.navFromUsedCarsToLocation()[pri:6, instance:testCase.TC_004_VerifyInvalidUser@4b29d1d2]" name="navFromUsedCarsToLocation" class="testCase.TC_003_UsedCarsLocationSpecificTest"/>
        <method signature="TC_003_UsedCarsLocationSpecificTest.clickAllPopularCarModels()[pri:7, instance:testCase.TC_004_VerifyInvalidUser@4b29d1d2]" name="clickAllPopularCarModels" class="testCase.TC_003_UsedCarsLocationSpecificTest"/>
        <method signature="TC_003_UsedCarsLocationSpecificTest.fetchAllPopularModels()[pri:8, instance:testCase.TC_004_VerifyInvalidUser@4b29d1d2]" name="fetchAllPopularModels" class="testCase.TC_003_UsedCarsLocationSpecificTest"/>
        <method signature="TC_003_UsedCarsLocationSpecificTest.navigateBackToHome()[pri:9, instance:testCase.TC_004_VerifyInvalidUser@4b29d1d2]" name="navigateBackToHome" class="testCase.TC_003_UsedCarsLocationSpecificTest"/>
        <method signature="TC_004_VerifyInvalidUser.clickOnLogin()[pri:10, instance:testCase.TC_004_VerifyInvalidUser@4b29d1d2]" name="clickOnLogin" class="testCase.TC_004_VerifyInvalidUser"/>
        <method signature="TC_004_VerifyInvalidUser.fetchErrorMessage()[pri:11, instance:testCase.TC_004_VerifyInvalidUser@4b29d1d2]" name="fetchErrorMessage" class="testCase.TC_004_VerifyInvalidUser"/>
      </group> <!-- Master -->
      <group name="regression">
        <method signature="TC_002_UpcomingBikeManufacturers.selectManufacturers()[pri:3, instance:testCase.TC_004_VerifyInvalidUser@4b29d1d2]" name="selectManufacturers" class="testCase.TC_002_UpcomingBikeManufacturers"/>
        <method signature="TC_002_UpcomingBikeManufacturers.getNewLaunchBikesDetails()[pri:4, instance:testCase.TC_004_VerifyInvalidUser@4b29d1d2]" name="getNewLaunchBikesDetails" class="testCase.TC_002_UpcomingBikeManufacturers"/>
        <method signature="TC_002_UpcomingBikeManufacturers.navigateToHomePage()[pri:5, instance:testCase.TC_004_VerifyInvalidUser@4b29d1d2]" name="navigateToHomePage" class="testCase.TC_002_UpcomingBikeManufacturers"/>
        <method signature="TC_003_UsedCarsLocationSpecificTest.navFromUsedCarsToLocation()[pri:6, instance:testCase.TC_004_VerifyInvalidUser@4b29d1d2]" name="navFromUsedCarsToLocation" class="testCase.TC_003_UsedCarsLocationSpecificTest"/>
        <method signature="TC_003_UsedCarsLocationSpecificTest.clickAllPopularCarModels()[pri:7, instance:testCase.TC_004_VerifyInvalidUser@4b29d1d2]" name="clickAllPopularCarModels" class="testCase.TC_003_UsedCarsLocationSpecificTest"/>
        <method signature="TC_003_UsedCarsLocationSpecificTest.fetchAllPopularModels()[pri:8, instance:testCase.TC_004_VerifyInvalidUser@4b29d1d2]" name="fetchAllPopularModels" class="testCase.TC_003_UsedCarsLocationSpecificTest"/>
        <method signature="TC_003_UsedCarsLocationSpecificTest.navigateBackToHome()[pri:9, instance:testCase.TC_004_VerifyInvalidUser@4b29d1d2]" name="navigateBackToHome" class="testCase.TC_003_UsedCarsLocationSpecificTest"/>
      </group> <!-- regression -->
      <group name="Regression">
        <method signature="TC_001_NewBikes_UpcomingBikes.navigateNewBikes()[pri:1, instance:testCase.TC_004_VerifyInvalidUser@4b29d1d2]" name="navigateNewBikes" class="testCase.TC_001_NewBikes_UpcomingBikes"/>
        <method signature="TC_001_NewBikes_UpcomingBikes.verify_UpcomingBikes_section()[pri:2, instance:testCase.TC_004_VerifyInvalidUser@4b29d1d2]" name="verify_UpcomingBikes_section" class="testCase.TC_001_NewBikes_UpcomingBikes"/>
      </group> <!-- Regression -->
      <group name="sanity">
        <method signature="TC_001_NewBikes_UpcomingBikes.navigateNewBikes()[pri:1, instance:testCase.TC_004_VerifyInvalidUser@4b29d1d2]" name="navigateNewBikes" class="testCase.TC_001_NewBikes_UpcomingBikes"/>
        <method signature="TC_003_UsedCarsLocationSpecificTest.navFromUsedCarsToLocation()[pri:6, instance:testCase.TC_004_VerifyInvalidUser@4b29d1d2]" name="navFromUsedCarsToLocation" class="testCase.TC_003_UsedCarsLocationSpecificTest"/>
        <method signature="TC_003_UsedCarsLocationSpecificTest.navigateBackToHome()[pri:9, instance:testCase.TC_004_VerifyInvalidUser@4b29d1d2]" name="navigateBackToHome" class="testCase.TC_003_UsedCarsLocationSpecificTest"/>
        <method signature="TC_004_VerifyInvalidUser.clickOnLogin()[pri:10, instance:testCase.TC_004_VerifyInvalidUser@4b29d1d2]" name="clickOnLogin" class="testCase.TC_004_VerifyInvalidUser"/>
        <method signature="TC_004_VerifyInvalidUser.fetchErrorMessage()[pri:11, instance:testCase.TC_004_VerifyInvalidUser@4b29d1d2]" name="fetchErrorMessage" class="testCase.TC_004_VerifyInvalidUser"/>
      </group> <!-- sanity -->
    </groups>
    <test started-at="2024-02-02T10:08:01 IST" name="MasterTest" finished-at="2024-02-02T10:10:30 IST" duration-ms="148955">
      <class name="testCase.TC_004_VerifyInvalidUser">
        <test-method is-config="true" signature="setup(java.lang.String,java.lang.String)[pri:0, instance:testCase.TC_004_VerifyInvalidUser@4b29d1d2]" started-at="2024-02-02T10:08:01 IST" name="setup" finished-at="2024-02-02T10:08:14 IST" duration-ms="12306" status="PASS">
          <params>
            <param index="0">
              <value>
                <![CDATA[Windows]]>
              </value>
            </param>
            <param index="1">
              <value>
                <![CDATA[chrome]]>
              </value>
            </param>
          </params>
          <reporter-output>
          </reporter-output>
        </test-method> <!-- setup -->
        <test-method signature="navigateNewBikes()[pri:1, instance:testCase.TC_004_VerifyInvalidUser@4b29d1d2]" started-at="2024-02-02T10:08:14 IST" name="navigateNewBikes" finished-at="2024-02-02T10:09:04 IST" duration-ms="50010" status="PASS">
          <reporter-output>
          </reporter-output>
        </test-method> <!-- navigateNewBikes -->
        <test-method signature="verify_UpcomingBikes_section()[pri:2, instance:testCase.TC_004_VerifyInvalidUser@4b29d1d2]" started-at="2024-02-02T10:09:04 IST" name="verify_UpcomingBikes_section" finished-at="2024-02-02T10:09:04 IST" duration-ms="143" status="PASS">
          <reporter-output>
          </reporter-output>
        </test-method> <!-- verify_UpcomingBikes_section -->
        <test-method signature="selectManufacturers()[pri:3, instance:testCase.TC_004_VerifyInvalidUser@4b29d1d2]" started-at="2024-02-02T10:09:05 IST" name="selectManufacturers" finished-at="2024-02-02T10:09:10 IST" duration-ms="4977" status="PASS">
          <reporter-output>
          </reporter-output>
        </test-method> <!-- selectManufacturers -->
        <test-method signature="getNewLaunchBikesDetails()[pri:4, instance:testCase.TC_004_VerifyInvalidUser@4b29d1d2]" started-at="2024-02-02T10:09:11 IST" name="getNewLaunchBikesDetails" finished-at="2024-02-02T10:09:21 IST" duration-ms="10572" status="PASS">
          <reporter-output>
          </reporter-output>
        </test-method> <!-- getNewLaunchBikesDetails -->
        <test-method signature="navigateToHomePage()[pri:5, instance:testCase.TC_004_VerifyInvalidUser@4b29d1d2]" started-at="2024-02-02T10:09:22 IST" name="navigateToHomePage" finished-at="2024-02-02T10:09:24 IST" duration-ms="2202" status="PASS">
          <reporter-output>
          </reporter-output>
        </test-method> <!-- navigateToHomePage -->
        <test-method signature="navFromUsedCarsToLocation()[pri:6, instance:testCase.TC_004_VerifyInvalidUser@4b29d1d2]" started-at="2024-02-02T10:09:25 IST" name="navFromUsedCarsToLocation" finished-at="2024-02-02T10:09:55 IST" duration-ms="29879" status="PASS">
          <reporter-output>
          </reporter-output>
        </test-method> <!-- navFromUsedCarsToLocation -->
        <test-method signature="clickAllPopularCarModels()[pri:7, instance:testCase.TC_004_VerifyInvalidUser@4b29d1d2]" started-at="2024-02-02T10:09:56 IST" name="clickAllPopularCarModels" finished-at="2024-02-02T10:10:14 IST" duration-ms="18597" status="PASS">
          <reporter-output>
          </reporter-output>
        </test-method> <!-- clickAllPopularCarModels -->
        <test-method signature="fetchAllPopularModels()[pri:8, instance:testCase.TC_004_VerifyInvalidUser@4b29d1d2]" started-at="2024-02-02T10:10:14 IST" name="fetchAllPopularModels" finished-at="2024-02-02T10:10:16 IST" duration-ms="1379" status="PASS">
          <reporter-output>
          </reporter-output>
        </test-method> <!-- fetchAllPopularModels -->
        <test-method signature="navigateBackToHome()[pri:9, instance:testCase.TC_004_VerifyInvalidUser@4b29d1d2]" started-at="2024-02-02T10:10:16 IST" name="navigateBackToHome" finished-at="2024-02-02T10:10:18 IST" duration-ms="2215" status="PASS">
          <reporter-output>
          </reporter-output>
        </test-method> <!-- navigateBackToHome -->
        <test-method signature="clickOnLogin()[pri:10, instance:testCase.TC_004_VerifyInvalidUser@4b29d1d2]" started-at="2024-02-02T10:10:20 IST" name="clickOnLogin" finished-at="2024-02-02T10:10:25 IST" duration-ms="5384" status="PASS">
          <reporter-output>
          </reporter-output>
        </test-method> <!-- clickOnLogin -->
        <test-method signature="fetchErrorMessage()[pri:11, instance:testCase.TC_004_VerifyInvalidUser@4b29d1d2]" started-at="2024-02-02T10:10:26 IST" name="fetchErrorMessage" finished-at="2024-02-02T10:10:28 IST" duration-ms="2245" status="PASS">
          <reporter-output>
          </reporter-output>
        </test-method> <!-- fetchErrorMessage -->
        <test-method is-config="true" signature="tearDown()[pri:0, instance:testCase.TC_004_VerifyInvalidUser@4b29d1d2]" started-at="2024-02-02T10:10:28 IST" name="tearDown" finished-at="2024-02-02T10:10:30 IST" duration-ms="1457" status="PASS">
          <reporter-output>
          </reporter-output>
        </test-method> <!-- tearDown -->
      </class> <!-- testCase.TC_004_VerifyInvalidUser -->
    </test> <!-- MasterTest -->
  </suite> <!-- Suite -->
</testng-results>
